<?xml version="1.0" encoding="UTF-8"?>
<testng-results ignored="0" total="4" passed="3" failed="1" skipped="0">
  <reporter-output>
  </reporter-output>
  <suite started-at="2020-09-14T13:12:01 IST" name="All Test Suite" finished-at="2020-09-14T13:13:04 IST" duration-ms="62928">
    <groups>
    </groups>
    <test started-at="2020-09-14T13:12:01 IST" name="Validating Navigation bar on home page" finished-at="2020-09-14T13:12:42 IST" duration-ms="40971">
      <class name="Academy.validateNavigationBar">
        <test-method is-config="true" signature="initialize()[pri:0, instance:Academy.validateNavigationBar@5aa360ea]" started-at="2020-09-14T13:12:01 IST" name="initialize" finished-at="2020-09-14T13:12:38 IST" duration-ms="37683" status="PASS">
          <reporter-output>
          </reporter-output>
        </test-method> <!-- initialize -->
        <test-method signature="validateNavigationBar()[pri:0, instance:Academy.validateNavigationBar@5aa360ea]" started-at="2020-09-14T13:12:38 IST" name="validateNavigationBar" finished-at="2020-09-14T13:12:39 IST" duration-ms="1069" status="PASS">
          <reporter-output>
          </reporter-output>
        </test-method> <!-- validateNavigationBar -->
        <test-method is-config="true" signature="tearDown()[pri:0, instance:Academy.validateNavigationBar@5aa360ea]" started-at="2020-09-14T13:12:39 IST" name="tearDown" finished-at="2020-09-14T13:12:42 IST" duration-ms="2154" status="PASS">
          <reporter-output>
          </reporter-output>
        </test-method> <!-- tearDown -->
      </class> <!-- Academy.validateNavigationBar -->
    </test> <!-- Validating Navigation bar on home page -->
    <test started-at="2020-09-14T13:12:01 IST" name="Validating title of landing page" finished-at="2020-09-14T13:12:46 IST" duration-ms="45441">
      <class name="Academy.validateTitle">
        <test-method is-config="true" signature="initialize()[pri:0, instance:Academy.validateTitle@6b5f8707]" started-at="2020-09-14T13:12:01 IST" name="initialize" finished-at="2020-09-14T13:12:38 IST" duration-ms="37636" status="PASS">
          <reporter-output>
          </reporter-output>
        </test-method> <!-- initialize -->
        <test-method signature="validatePageTitle()[pri:0, instance:Academy.validateTitle@6b5f8707]" started-at="2020-09-14T13:12:38 IST" name="validatePageTitle" finished-at="2020-09-14T13:12:39 IST" duration-ms="1015" status="FAIL">
          <exception class="java.lang.AssertionError">
            <message>
              <![CDATA[expected [FEATURED COURSES1] but found [FEATURED COURSES]]]>
            </message>
            <full-stacktrace>
              <![CDATA[java.lang.AssertionError: expected [FEATURED COURSES1] but found [FEATURED COURSES]
at org.testng.Assert.fail(Assert.java:99)
at org.testng.Assert.failNotEquals(Assert.java:1037)
at org.testng.Assert.assertEqualsImpl(Assert.java:140)
at org.testng.Assert.assertEquals(Assert.java:122)
at org.testng.Assert.assertEquals(Assert.java:629)
at org.testng.Assert.assertEquals(Assert.java:639)
at Academy.validateTitle.validatePageTitle(validateTitle.java:30)
at java.base/jdk.internal.reflect.NativeMethodAccessorImpl.invoke0(Native Method)
at java.base/jdk.internal.reflect.NativeMethodAccessorImpl.invoke(NativeMethodAccessorImpl.java:62)
at java.base/jdk.internal.reflect.DelegatingMethodAccessorImpl.invoke(DelegatingMethodAccessorImpl.java:43)
at java.base/java.lang.reflect.Method.invoke(Method.java:564)
at org.testng.internal.MethodInvocationHelper.invokeMethod(MethodInvocationHelper.java:132)
at org.testng.internal.TestInvoker.invokeMethod(TestInvoker.java:599)
at org.testng.internal.TestInvoker.invokeTestMethod(TestInvoker.java:174)
at org.testng.internal.MethodRunner.runInSequence(MethodRunner.java:46)
at org.testng.internal.TestInvoker$MethodInvocationAgent.invoke(TestInvoker.java:822)
at org.testng.internal.TestInvoker.invokeTestMethods(TestInvoker.java:147)
at org.testng.internal.TestMethodWorker.invokeTestMethods(TestMethodWorker.java:146)
at org.testng.internal.TestMethodWorker.run(TestMethodWorker.java:128)
at java.base/java.util.ArrayList.forEach(ArrayList.java:1511)
at org.testng.TestRunner.privateRun(TestRunner.java:764)
at org.testng.TestRunner.run(TestRunner.java:585)
at org.testng.SuiteRunner.runTest(SuiteRunner.java:384)
at org.testng.SuiteRunner.access$000(SuiteRunner.java:28)
at org.testng.SuiteRunner$SuiteWorker.run(SuiteRunner.java:425)
at org.testng.internal.thread.ThreadUtil.lambda$execute$0(ThreadUtil.java:66)
at java.base/java.util.concurrent.FutureTask.run(FutureTask.java:264)
at java.base/java.util.concurrent.ThreadPoolExecutor.runWorker(ThreadPoolExecutor.java:1130)
at java.base/java.util.concurrent.ThreadPoolExecutor$Worker.run(ThreadPoolExecutor.java:630)
at java.base/java.lang.Thread.run(Thread.java:832)
]]>
            </full-stacktrace>
          </exception> <!-- java.lang.AssertionError -->
          <reporter-output>
          </reporter-output>
        </test-method> <!-- validatePageTitle -->
        <test-method is-config="true" signature="tearDown()[pri:0, instance:Academy.validateTitle@6b5f8707]" started-at="2020-09-14T13:12:43 IST" name="tearDown" finished-at="2020-09-14T13:12:46 IST" duration-ms="3400" status="PASS">
          <reporter-output>
          </reporter-output>
        </test-method> <!-- tearDown -->
      </class> <!-- Academy.validateTitle -->
    </test> <!-- Validating title of landing page -->
    <test started-at="2020-09-14T13:12:01 IST" name="Validating login" finished-at="2020-09-14T13:13:04 IST" duration-ms="62928">
      <class name="Academy.HomePage">
        <test-method is-config="true" signature="initialize()[pri:0, instance:Academy.HomePage@3f3c966c]" started-at="2020-09-14T13:12:01 IST" name="initialize" finished-at="2020-09-14T13:12:38 IST" duration-ms="37634" status="PASS">
          <reporter-output>
          </reporter-output>
        </test-method> <!-- initialize -->
        <test-method signature="basePageNavigation(java.lang.String, java.lang.String)[pri:0, instance:Academy.HomePage@3f3c966c]" started-at="2020-09-14T13:12:38 IST" name="basePageNavigation" data-provider="getLoginData" finished-at="2020-09-14T13:12:44 IST" duration-ms="6086" status="PASS">
          <params>
            <param index="0">
              <value>
                <![CDATA[testusername1]]>
              </value>
            </param>
            <param index="1">
              <value>
                <![CDATA[password]]>
              </value>
            </param>
          </params>
          <reporter-output>
          </reporter-output>
        </test-method> <!-- basePageNavigation -->
        <test-method is-config="true" signature="tearDown()[pri:0, instance:Academy.HomePage@3f3c966c]" started-at="2020-09-14T13:12:44 IST" name="tearDown" finished-at="2020-09-14T13:12:47 IST" duration-ms="2202" status="PASS">
          <reporter-output>
          </reporter-output>
        </test-method> <!-- tearDown -->
        <test-method is-config="true" signature="initialize()[pri:0, instance:Academy.HomePage@3f3c966c]" started-at="2020-09-14T13:12:47 IST" name="initialize" finished-at="2020-09-14T13:13:00 IST" duration-ms="13530" status="PASS">
          <reporter-output>
          </reporter-output>
        </test-method> <!-- initialize -->
        <test-method signature="basePageNavigation(java.lang.String, java.lang.String)[pri:0, instance:Academy.HomePage@3f3c966c]" started-at="2020-09-14T13:13:00 IST" name="basePageNavigation" data-provider="getLoginData" finished-at="2020-09-14T13:13:03 IST" duration-ms="2470" status="PASS">
          <params>
            <param index="0">
              <value>
                <![CDATA[testusername2]]>
              </value>
            </param>
            <param index="1">
              <value>
                <![CDATA[password]]>
              </value>
            </param>
          </params>
          <reporter-output>
          </reporter-output>
        </test-method> <!-- basePageNavigation -->
        <test-method is-config="true" signature="tearDown()[pri:0, instance:Academy.HomePage@3f3c966c]" started-at="2020-09-14T13:13:03 IST" name="tearDown" finished-at="2020-09-14T13:13:04 IST" duration-ms="916" status="PASS">
          <reporter-output>
          </reporter-output>
        </test-method> <!-- tearDown -->
      </class> <!-- Academy.HomePage -->
    </test> <!-- Validating login -->
  </suite> <!-- All Test Suite -->
</testng-results>
